<?xml version="1.0" encoding="UTF-8"?>
<!-- Generated by org.testng.reporters.JUnitXMLReporter -->
<testsuite ignored="0" hostname="DESKTOP-BH068LO" failures="0" tests="6" name="Command line test" time="41.839" errors="0" timestamp="2021-02-18T17:00:02 IST">
  <testcase classname="quickacademy.MymavenProject.AppiumTest" name="IOAPP" time="0.004"/>
  <testcase classname="quickacademy.MymavenProject.AppiumTest" name="NativeAppAndroid" time="0.005"/>
  <testcase classname="quickacademy.MymavenProject.RestAPITest" name="PostJira" time="0.0"/>
  <testcase classname="quickacademy.MymavenProject.RestAPITest" name="deleteTwitter" time="0.001"/>
  <testcase classname="quickacademy.MymavenProject.SeliniumTest" name="BrowserAutomation" time="17.466"/>
  <testcase classname="quickacademy.MymavenProject.SeliniumTest" name="ElementUI" time="24.299"/>
</testsuite> <!-- Command line test -->
