<?xml version="1.0" encoding="UTF-8"?>
<!-- Generated by org.testng.reporters.JUnitXMLReporter -->
<testsuite ignored="0" hostname="DESKTOP-BH068LO" failures="0" tests="4" name="Test" time="0.051" errors="0" timestamp="2021-02-18T16:44:26 IST">
  <testcase classname="quickacademy.MymavenProject.SeliniumTest" name="BrowserAutomation" time="0.005"/>
  <testcase classname="quickacademy.MymavenProject.SeliniumTest" name="ElementUI" time="0.0"/>
  <testcase classname="quickacademy.MymavenProject.RestAPITest" name="PostJira" time="0.0"/>
  <testcase classname="quickacademy.MymavenProject.RestAPITest" name="deleteTwitter" time="0.0"/>
</testsuite> <!-- Test -->
