<?xml version="1.0" encoding="UTF-8"?>
<testng-results ignored="0" total="6" passed="6" failed="0" skipped="0">
  <reporter-output>
  </reporter-output>
  <suite started-at="2021-02-18T16:59:19 IST" name="Command line suite" finished-at="2021-02-18T17:00:01 IST" duration-ms="41839">
    <groups>
    </groups>
    <test started-at="2021-02-18T16:59:19 IST" name="Command line test" finished-at="2021-02-18T17:00:01 IST" duration-ms="41839">
      <class name="quickacademy.MymavenProject.RestAPITest">
        <test-method signature="PostJira()[pri:0, instance:quickacademy.MymavenProject.RestAPITest@74f0ea28]" started-at="2021-02-18T16:59:19 IST" name="PostJira" finished-at="2021-02-18T16:59:19 IST" duration-ms="0" status="PASS">
          <reporter-output>
          </reporter-output>
        </test-method> <!-- PostJira -->
        <test-method signature="deleteTwitter()[pri:0, instance:quickacademy.MymavenProject.RestAPITest@74f0ea28]" started-at="2021-02-18T16:59:19 IST" name="deleteTwitter" finished-at="2021-02-18T16:59:19 IST" duration-ms="1" status="PASS">
          <reporter-output>
          </reporter-output>
        </test-method> <!-- deleteTwitter -->
      </class> <!-- quickacademy.MymavenProject.RestAPITest -->
      <class name="quickacademy.MymavenProject.AppiumTest">
        <test-method signature="IOAPP()[pri:0, instance:quickacademy.MymavenProject.AppiumTest@1283bb96]" started-at="2021-02-18T16:59:19 IST" name="IOAPP" finished-at="2021-02-18T16:59:19 IST" duration-ms="4" status="PASS">
          <reporter-output>
          </reporter-output>
        </test-method> <!-- IOAPP -->
        <test-method signature="NativeAppAndroid()[pri:0, instance:quickacademy.MymavenProject.AppiumTest@1283bb96]" started-at="2021-02-18T16:59:19 IST" name="NativeAppAndroid" finished-at="2021-02-18T16:59:19 IST" duration-ms="5" status="PASS">
          <reporter-output>
          </reporter-output>
        </test-method> <!-- NativeAppAndroid -->
      </class> <!-- quickacademy.MymavenProject.AppiumTest -->
      <class name="quickacademy.MymavenProject.SeliniumTest">
        <test-method signature="BrowserAutomation()[pri:0, instance:quickacademy.MymavenProject.SeliniumTest@f6efaab]" started-at="2021-02-18T16:59:19 IST" name="BrowserAutomation" finished-at="2021-02-18T16:59:36 IST" duration-ms="17466" status="PASS">
          <reporter-output>
          </reporter-output>
        </test-method> <!-- BrowserAutomation -->
        <test-method signature="ElementUI()[pri:0, instance:quickacademy.MymavenProject.SeliniumTest@f6efaab]" started-at="2021-02-18T16:59:36 IST" name="ElementUI" finished-at="2021-02-18T17:00:01 IST" duration-ms="24299" status="PASS">
          <reporter-output>
          </reporter-output>
        </test-method> <!-- ElementUI -->
      </class> <!-- quickacademy.MymavenProject.SeliniumTest -->
    </test> <!-- Command line test -->
  </suite> <!-- Command line suite -->
</testng-results>
