<?xml version="1.0" encoding="UTF-8"?>
<testng-results ignored="0" total="2" passed="2" failed="0" skipped="0">
  <reporter-output>
  </reporter-output>
  <suite started-at="2021-02-18T15:30:28 IST" name="Default suite" finished-at="2021-02-18T15:30:28 IST" duration-ms="52">
    <groups>
    </groups>
    <test started-at="2021-02-18T15:30:28 IST" name="Default test" finished-at="2021-02-18T15:30:28 IST" duration-ms="52">
      <class name="quickacademy.MymavenProject.SeliniumTest">
        <test-method signature="BrowserAutomation()[pri:0, instance:quickacademy.MymavenProject.SeliniumTest@16610890]" started-at="2021-02-18T15:30:28 IST" name="BrowserAutomation" finished-at="2021-02-18T15:30:28 IST" duration-ms="8" status="PASS">
          <reporter-output>
          </reporter-output>
        </test-method> <!-- BrowserAutomation -->
        <test-method signature="ElementUI()[pri:0, instance:quickacademy.MymavenProject.SeliniumTest@16610890]" started-at="2021-02-18T15:30:28 IST" name="ElementUI" finished-at="2021-02-18T15:30:28 IST" duration-ms="6" status="PASS">
          <reporter-output>
          </reporter-output>
        </test-method> <!-- ElementUI -->
      </class> <!-- quickacademy.MymavenProject.SeliniumTest -->
    </test> <!-- Default test -->
  </suite> <!-- Default suite -->
</testng-results>
